<?xml version="1.0" encoding="UTF-8"?>
<testsuite name="TestCalculator" tests="1" skipped="0" failures="0" errors="0" timestamp="2023-03-22T14:29:40" hostname="DESKTOP-HGJQ7CC" time="0.034">
  <properties/>
  <testcase name="TestCalculatorPlus()" classname="TestCalculator" time="0.034"/>
  <system-out><![CDATA[5
]]></system-out>
  <system-err><![CDATA[]]></system-err>
</testsuite>
